<?xml version="1.0" encoding="UTF-8"?>
<beans xmlns="http://www.springframework.org/schema/beans"
	xmlns:xsi="http://www.w3.org/2001/XMLSchema-instance"
	xmlns:p="http://www.springframework.org/schema/p"
	xmlns:context="http://www.springframework.org/schema/context"
	xsi:schemaLocation="http://www.springframework.org/schema/beans http://www.springframework.org/schema/beans/spring-beans.xsd
		http://www.springframework.org/schema/context http://www.springframework.org/schema/context/spring-context-4.1.xsd">
	<context:property-placeholder location="classpath:/test-application-properties.xml"/>

	<context:annotation-config></context:annotation-config>
	
	<bean id="dataSource" class="org.apache.commons.dbcp.BasicDataSource"
		p:driverClassName="${database.driverClassName}"
		p:url="${database.url}"
		p:username="${database.username}"
		p:password="${database.password}"
	></bean>
	
	<bean id="userDao" class="candrun.dao.UserDAO" p:dataSource-ref="dataSource"/>
	<bean id="goalDao" class="candrun.dao.GoalDAO" p:dataSource-ref="dataSource"/>	
	<bean id="taskDao" class="candrun.dao.TaskDAO" p:dataSource-ref="dataSource"/>
	<bean id="initTestDao" class="candrun.dao.InitTestDAO" p:dataSource-ref="dataSource"/>

</beans>
