<?xml version="1.0" encoding="UTF-8" standalone="no"?>
<!DOCTYPE properties SYSTEM "http://java.sun.com/dtd/properties.dtd">
<properties>
	<comment>application-properties</comment>
	
	<entry key="database.driverClassName">com.mysql.jdbc.Driver</entry>
	<entry key="database.url">jdbc:mysql://localhost:3306/test</entry>
	<entry key="database.username">jb</entry>
	<entry key="database.password">1234</entry>
	
</properties>